2023-12-01 16:42:54.909 [error] electron #1: https://az764295.vo.msecnd.net/extensions/marketplace.json - error GET net::ERR_CONNECTION_TIMED_OUT
2023-12-01 16:47:03.070 [error] electron #248: https://az764295.vo.msecnd.net/extensions/marketplace.json - error GET net::ERR_TIMED_OUT
2023-12-01 16:54:44.881 [error] electron #340: https://az764295.vo.msecnd.net/extensions/marketplace.json - error GET net::ERR_CONNECTION_TIMED_OUT
2023-12-01 17:01:39.943 [error] electron #360: https://az764295.vo.msecnd.net/extensions/marketplace.json - error GET net::ERR_CONNECTION_TIMED_OUT
2023-12-01 17:06:46.118 [error] electron #367: https://az764295.vo.msecnd.net/extensions/marketplace.json - error GET net::ERR_NAME_NOT_RESOLVED
2023-12-01 17:12:38.235 [error] electron #368: https://az764295.vo.msecnd.net/extensions/marketplace.json - error GET net::ERR_NETWORK_CHANGED
2023-12-01 17:18:16.467 [error] electron #369: https://az764295.vo.msecnd.net/extensions/marketplace.json - error GET net::ERR_ADDRESS_UNREACHABLE
2023-12-01 17:25:30.812 [error] electron #370: https://az764295.vo.msecnd.net/extensions/marketplace.json - error GET net::ERR_CONNECTION_TIMED_OUT
2023-12-01 17:30:39.037 [error] electron #394: https://az764295.vo.msecnd.net/extensions/marketplace.json - error GET net::ERR_ADDRESS_UNREACHABLE
2023-12-01 17:59:30.282 [error] electron #538: https://mobile.events.data.microsoft.com/OneCollector/1.0?cors=true&content-type=application/x-json-stream - error POST net::ERR_NETWORK_CHANGED
2023-12-01 18:00:28.579 [error] electron #540: https://mobile.events.data.microsoft.com/OneCollector/1.0?cors=true&content-type=application/x-json-stream - error POST net::ERR_NETWORK_CHANGED
2023-12-01 18:01:02.181 [error] electron #542: https://az764295.vo.msecnd.net/extensions/marketplace.json - error GET net::ERR_ADDRESS_UNREACHABLE
2023-12-01 18:06:04.280 [error] electron #546: https://az764295.vo.msecnd.net/extensions/marketplace.json - error GET net::ERR_NETWORK_CHANGED
2023-12-01 18:13:23.473 [error] electron #548: https://az764295.vo.msecnd.net/extensions/marketplace.json - error GET net::ERR_CONNECTION_TIMED_OUT
2023-12-01 18:23:53.232 [error] electron #556: https://mobile.events.data.microsoft.com/OneCollector/1.0?cors=true&content-type=application/x-json-stream - error POST net::ERR_ADDRESS_UNREACHABLE
2023-12-01 18:26:44.366 [error] electron #564: https://mobile.events.data.microsoft.com/OneCollector/1.0?cors=true&content-type=application/x-json-stream - error POST net::ERR_NETWORK_CHANGED
2023-12-01 18:38:16.432 [error] electron #622: https://mobile.events.data.microsoft.com/OneCollector/1.0?cors=true&content-type=application/x-json-stream - error POST net::ERR_NETWORK_CHANGED
2023-12-01 18:38:16.432 [error] electron #623: https://mobile.events.data.microsoft.com/OneCollector/1.0?cors=true&content-type=application/x-json-stream - error POST net::ERR_NETWORK_CHANGED
2023-12-01 18:38:20.340 [error] electron #624: https://mobile.events.data.microsoft.com/OneCollector/1.0?cors=true&content-type=application/x-json-stream - error POST net::ERR_NETWORK_CHANGED
2023-12-01 18:38:20.343 [error] electron #625: https://mobile.events.data.microsoft.com/OneCollector/1.0?cors=true&content-type=application/x-json-stream - error POST net::ERR_NETWORK_CHANGED
2023-12-01 19:00:43.365 [error] electron #731: https://az764295.vo.msecnd.net/extensions/marketplace.json - error GET net::ERR_CONNECTION_TIMED_OUT
2023-12-01 19:06:33.993 [error] electron #781: https://az764295.vo.msecnd.net/extensions/marketplace.json - error GET net::ERR_TIMED_OUT
2023-12-01 19:11:44.250 [error] electron #804: https://az764295.vo.msecnd.net/extensions/marketplace.json - error GET net::ERR_NAME_NOT_RESOLVED
2023-12-01 19:16:59.322 [error] electron #836: https://az764295.vo.msecnd.net/extensions/marketplace.json - error GET net::ERR_ADDRESS_UNREACHABLE
