2023-12-18T05:40:44.947Z extension INFO  Activating extension... [
  {
    id: 'mongodb.mongodb-vscode',
    version: '1.3.1',
    mode: 'Production',
    kind: 'UI',
    extensionPath: '/home/gilang/.vscode/extensions/mongodb.mongodb-vscode-1.3.1',
    logPath: '/home/gilang/.config/Code/logs/20231218T124035/window1/exthost/mongodb.mongodb-vscode',
    workspaceStoragePath: '/home/gilang/.config/Code/User/workspaceStorage/f190336d1f188f5f0a061f770c2e1191/mongodb.mongodb-vscode',
    globalStoragePath: '/home/gilang/.config/Code/User/globalStorage/mongodb.mongodb-vscode',
    defaultConnectionSavingLocation: 'Global',
    buildInfo: {
      nodeVersion: 'v18.15.0',
      runtimePlatform: 'linux',
      runtimeArch: 'x64'
    }
  }
]

2023-12-18T05:40:44.951Z telemetry INFO  SegmentKey was found [ { type: 'string' } ]

2023-12-18T05:40:44.957Z language server controller INFO  Creating MongoDB Language Server... [
  {
    extensionPath: '/home/gilang/.vscode/extensions/mongodb.mongodb-vscode-1.3.1',
    languageServer: {
      id: 'mongodbLanguageServer',
      name: 'MongoDB Language Server',
      path: '/home/gilang/.vscode/extensions/mongodb.mongodb-vscode-1.3.1/dist/languageServer.js',
      documentSelector: '[{"pattern":"**/*.mongodb.js"},{"pattern":"**/*.mongodb"}]'
    }
  }
]

2023-12-18T05:40:44.976Z telemetry INFO  Segment analytics activated [ { anonymousId: 'ee47c5c2-cc90-4c8b-9f17-d0181a2406cd' } ]

2023-12-18T05:40:45.078Z language server controller INFO  Starting the language server... []

2023-12-18T05:40:48.574Z language server controller INFO  MongoDBService initialized. Sending default settings... {"extensionPath":"/home/gilang/.vscode/extensions/mongodb.mongodb-vscode-1.3.1","connectionId":null,"hasConnectionString":false,"hasConnectionOptions":false} []

2023-12-18T05:40:57.904Z extension INFO  Deactivating extension... []

2023-12-18T05:40:57.905Z connection controller INFO  Disconnect called, currently connected to [ null ]

2023-12-18T05:40:57.910Z language server controller INFO  Changing MongoDBService active connection... [ { connectionId: null } ]

2023-12-18T05:40:57.918Z connection controller INFO  Disconnect called, currently connected to [ null ]

2023-12-18T05:40:57.918Z language server controller INFO  Changing MongoDBService active connection... [ { connectionId: null } ]

2023-12-18T05:40:57.931Z language server controller INFO  Deactivating the language server... []

2023-12-18T05:40:57.932Z language server controller INFO  Deactivating the language server... []

