[1702878047993] INFO  (ext): SQLTools is starting
[1702878048007] INFO  (ext): initializing language client...
[1702878048017] INFO  (ext): Registering client for languages [{"scheme":"sqltools"},{"language":"sql","scheme":"untitled"},{"language":"sql","scheme":"file"},{"language":"sql","scheme":"sqltools"}]
    ns: "lc"
[1702878048035] INFO  (ext): loading plugins...
[1702878048038] INFO  (ext): registering Formatter Plugin.
    plugin: {
      "name": "Formatter Plugin"
    }
[1702878048041] INFO  (ext): registering Connection Manager Plugin.
    plugin: {
      "name": "Connection Manager Plugin"
    }
[1702878048041] INFO  (ext): registering CodeLens Plugin.
    plugin: {
      "name": "CodeLens Plugin",
      "registeredLanguages": []
    }
[1702878048046] INFO  (ext): registering Dependency Manager Plugin.
    plugin: {
      "name": "Dependency Manager Plugin",
      "installingDrivers": []
    }
[1702878048075] INFO  (ext): Connection explorer changed. Will be updated.
    ns: "conn-man:explorer"
[1702878048076] INFO  (ext): registering History Manager Plugin.
    plugin: {
      "name": "History Manager Plugin"
    }
[1702878048077] INFO  (ext): registering Bookmarks Manager Plugin.
    plugin: {
      "name": "Bookmarks Manager Plugin"
    }
[1702878048083] INFO  (ext): registering Authentication Provider Plugin.
    plugin: {
      "name": "Authentication Provider Plugin",
      "isRegistered": false
    }
[1702878048083] INFO  (ext): registering Object Drop-in Provider (plugin).
    plugin: {
      "type": "plugin",
      "name": "Object Drop-in Provider",
      "isRegistered": false
    }
[1702878048110] INFO  (ext): SQLTools activation completed. 116.175085 ms
[1702878048112] INFO  (ext): Formatter Plugin registered!
[1702878048112] INFO  (ext): CodeLens Plugin registered!
[1702878048112] INFO  (ext): Dependency Manager Plugin registered!
[1702878048112] INFO  (ext): Connection Manager Plugin registered!
[1702878048114] INFO  (ext): History Manager Plugin registered!
[1702878048114] INFO  (ext): Bookmarks Manager Plugin registered!
[1702878048115] INFO  (ext): Authentication Provider Plugin registered!
[1702878048115] INFO  (ext): Object Drop-in Provider (plugin) registered!
[1702878049116] INFO  (ext): EXECUTING COMMAND => sqltools.refreshTree
[1702878049117] INFO  (ext): Connection explorer changed. Will be updated.
    ns: "conn-man:explorer"
[1702878049430] INFO  (ls): SQLTools Server started!
===============================
Using node runtime?: no
ExecPath: /var/lib/snapd/snap/code/146/usr/share/code/code 
===============================
[1702878049661] INFO  (ext): LanguageClient ready
    ns: "lc"
[1702878049660] INFO  (ls): Initialized with node version:v18.15.0
[1702878049776] INFO  (ext): registering MySQL/MariaDB/TiDB Plugin (driver).
    plugin: {
      "extensionId": "mtxr.sqltools-driver-mysql",
      "name": "MySQL/MariaDB/TiDB Plugin",
      "type": "driver"
    }
[1702878049780] INFO  (ls): REQUEST RECEIVED => ls/RegisterPlugin
[1702878049784] INFO  (ls): request to register plugin: "/home/gilang/.vscode/extensions/mtxr.sqltools-driver-mysql-0.6.0/out/ls/plugin.js"
[1702878050109] INFO  (ext): Connection explorer changed. Will be updated.
    ns: "conn-man:explorer"
[1702878051622] INFO  (ext): EXECUTING COMMAND => sqltools.refreshTree
[1702878051622] INFO  (ext): Connection explorer changed. Will be updated.
    ns: "conn-man:explorer"
[1702878050510] INFO  (ls): Driver mysql registered!
    place: "driver-map"
    ns: "ls-context"
[1702878050513] INFO  (ls): Driver mariadb registered!
    place: "driver-map"
    ns: "ls-context"
[1702878050514] INFO  (ls): Driver tidb registered!
    place: "driver-map"
    ns: "ls-context"
[1702878051667] INFO  (ext): MySQL/MariaDB/TiDB Plugin (driver) registered!
[1702878053539] INFO  (ext): EXECUTING COMMAND => sqltools.refreshTree
[1702878053539] INFO  (ext): Connection explorer changed. Will be updated.
    ns: "conn-man:explorer"
[1702878054594] INFO  (ext): Connection explorer changed. Will be updated.
    ns: "conn-man:explorer"
