2023-12-02 05:48:56.702 [info] Log level: Info
2023-12-02 05:48:56.702 [info] Validating found git in: "git"
2023-12-02 05:48:56.702 [info] Using git "2.43.0" from "git"
2023-12-02 05:48:56.702 [info] > git rev-parse --show-toplevel [116ms]
2023-12-02 05:48:56.742 [info] > git rev-parse --git-dir --git-common-dir [235ms]
2023-12-02 05:48:56.795 [info] Open repository: /home/gilang/Project/portofolio
2023-12-02 05:48:56.935 [info] > git rev-parse --show-toplevel [53ms]
2023-12-02 05:48:56.937 [info] > git config --get commit.template [72ms]
2023-12-02 05:48:57.164 [info] > git rev-parse --show-toplevel [135ms]
2023-12-02 05:48:57.283 [info] > git for-each-ref --format=%(refname)%00%(upstream:short)%00%(objectname)%00%(upstream:track)%00%(upstream:remotename)%00%(upstream:remoteref) refs/heads/main refs/remotes/main [221ms]
2023-12-02 05:48:57.433 [info] > git status -z -uall [52ms]
2023-12-02 05:48:57.479 [info] > git rev-parse --show-toplevel [199ms]
2023-12-02 05:48:57.752 [info] > git check-ignore -v -z --stdin [186ms]
2023-12-02 05:48:57.766 [info] > git rev-parse --show-toplevel [93ms]
2023-12-02 05:48:57.776 [info] > git config --get commit.template [144ms]
2023-12-02 05:48:58.271 [info] > git for-each-ref --format=%(refname)%00%(upstream:short)%00%(objectname)%00%(upstream:track)%00%(upstream:remotename)%00%(upstream:remoteref) refs/heads/main refs/remotes/main [312ms]
2023-12-02 05:48:58.295 [info] > git rev-parse --show-toplevel [433ms]
2023-12-02 05:48:58.513 [info] > git status -z -uall [207ms]
2023-12-02 05:48:58.513 [info] > git show --textconv :index.html [185ms]
2023-12-02 05:48:58.514 [info] > git show --textconv :css/styles.css [109ms]
2023-12-02 05:48:58.559 [info] > git ls-files --stage -- /home/gilang/Project/portofolio/css/styles.css [116ms]
2023-12-02 05:48:58.583 [info] > git ls-files --stage -- /home/gilang/Project/portofolio/index.html [216ms]
2023-12-02 05:48:58.630 [info] > git cat-file -s 5f94833d1ef5d1d666eb2642ef9762988db9f06a [23ms]
2023-12-02 05:48:58.631 [info] > git cat-file -s 5cf39c3dea1b4a516d1b704eb94cce93eb8897e5 [52ms]
2023-12-02 05:49:00.569 [info] > git fetch [3776ms]
2023-12-02 05:49:00.753 [info] > git config --get commit.template [100ms]
2023-12-02 05:49:00.886 [info] > git for-each-ref --format=%(refname)%00%(upstream:short)%00%(objectname)%00%(upstream:track)%00%(upstream:remotename)%00%(upstream:remoteref) refs/heads/main refs/remotes/main [58ms]
2023-12-02 05:49:00.982 [info] > git status -z -uall [44ms]
2023-12-02 05:49:01.958 [info] > git ls-files --stage -- /home/gilang/Project/portofolio/index.html [31ms]
2023-12-02 05:49:01.982 [info] > git ls-files --stage -- /home/gilang/Project/portofolio/css/styles.css [31ms]
2023-12-02 05:49:02.025 [info] > git cat-file -s 5f94833d1ef5d1d666eb2642ef9762988db9f06a [48ms]
2023-12-02 05:49:02.028 [info] > git cat-file -s 5cf39c3dea1b4a516d1b704eb94cce93eb8897e5 [12ms]
2023-12-02 05:49:02.119 [info] > git show --textconv :index.html [34ms]
2023-12-02 05:49:02.127 [info] > git show --textconv :css/styles.css [12ms]
2023-12-02 05:49:14.743 [info] > git check-ignore -v -z --stdin [9ms]
2023-12-02 05:49:21.896 [info] > git show --textconv :css/mediaqueries.css [29ms]
2023-12-02 05:49:21.901 [info] > git ls-files --stage -- /home/gilang/Project/portofolio/css/mediaqueries.css [6ms]
2023-12-02 05:49:23.997 [info] > git show --textconv :index.html [22ms]
2023-12-02 05:49:24.003 [info] > git ls-files --stage -- /home/gilang/Project/portofolio/index.html [7ms]
2023-12-02 05:49:24.035 [info] > git cat-file -s 5f94833d1ef5d1d666eb2642ef9762988db9f06a [6ms]
2023-12-02 05:49:41.948 [info] > git check-ignore -v -z --stdin [4ms]
2023-12-02 05:49:56.576 [info] > git show --textconv :index.html [17ms]
2023-12-02 05:49:56.580 [info] > git ls-files --stage -- /home/gilang/Project/portofolio/index.html [6ms]
2023-12-02 05:49:56.602 [info] > git cat-file -s 5f94833d1ef5d1d666eb2642ef9762988db9f06a [7ms]
2023-12-02 05:50:53.758 [info] > git show --textconv :index.html [23ms]
2023-12-02 05:50:53.762 [info] > git ls-files --stage -- /home/gilang/Project/portofolio/index.html [5ms]
2023-12-02 05:50:53.786 [info] > git cat-file -s 5f94833d1ef5d1d666eb2642ef9762988db9f06a [9ms]
2023-12-02 05:51:19.218 [info] > git config --get commit.template [15ms]
2023-12-02 05:51:19.223 [info] > git for-each-ref --format=%(refname)%00%(upstream:short)%00%(objectname)%00%(upstream:track)%00%(upstream:remotename)%00%(upstream:remoteref) refs/heads/main refs/remotes/main [7ms]
2023-12-02 05:51:19.247 [info] > git status -z -uall [6ms]
2023-12-02 05:52:05.677 [info] > git ls-files --stage -- /home/gilang/Project/portofolio/index.html [6ms]
2023-12-02 05:52:05.696 [info] > git cat-file -s 5f94833d1ef5d1d666eb2642ef9762988db9f06a [6ms]
2023-12-02 05:52:05.720 [info] > git show --textconv :index.html [5ms]
2023-12-02 05:52:06.262 [info] > git fetch [1795ms]
2023-12-02 05:52:06.297 [info] > git config --get commit.template [17ms]
2023-12-02 05:52:06.300 [info] > git for-each-ref --format=%(refname)%00%(upstream:short)%00%(objectname)%00%(upstream:track)%00%(upstream:remotename)%00%(upstream:remoteref) refs/heads/main refs/remotes/main [5ms]
2023-12-02 05:52:06.324 [info] > git status -z -uall [7ms]
2023-12-02 05:52:10.877 [info] > git config --get commit.template [34ms]
2023-12-02 05:52:10.919 [info] > git ls-files --stage -- /home/gilang/Project/portofolio/index.html [44ms]
2023-12-02 05:52:10.940 [info] > git for-each-ref --format=%(refname)%00%(upstream:short)%00%(objectname)%00%(upstream:track)%00%(upstream:remotename)%00%(upstream:remoteref) refs/heads/main refs/remotes/main [25ms]
2023-12-02 05:52:10.960 [info] > git cat-file -s 5f94833d1ef5d1d666eb2642ef9762988db9f06a [22ms]
2023-12-02 05:52:10.986 [info] > git status -z -uall [29ms]
2023-12-02 05:52:10.996 [info] > git show --textconv :index.html [11ms]
2023-12-02 05:52:48.789 [info] > git config --get commit.template [13ms]
2023-12-02 05:52:48.792 [info] > git for-each-ref --format=%(refname)%00%(upstream:short)%00%(objectname)%00%(upstream:track)%00%(upstream:remotename)%00%(upstream:remoteref) refs/heads/main refs/remotes/main [5ms]
2023-12-02 05:52:48.807 [info] > git status -z -uall [5ms]
2023-12-02 05:52:56.819 [info] > git config --get commit.template [15ms]
2023-12-02 05:52:56.822 [info] > git for-each-ref --format=%(refname)%00%(upstream:short)%00%(objectname)%00%(upstream:track)%00%(upstream:remotename)%00%(upstream:remoteref) refs/heads/main refs/remotes/main [5ms]
2023-12-02 05:52:56.841 [info] > git status -z -uall [6ms]
2023-12-02 05:53:10.829 [info] > git show --textconv :index.html [14ms]
2023-12-02 05:53:10.832 [info] > git ls-files --stage -- /home/gilang/Project/portofolio/index.html [4ms]
2023-12-02 05:53:10.847 [info] > git cat-file -s 5f94833d1ef5d1d666eb2642ef9762988db9f06a [4ms]
2023-12-02 05:53:20.390 [info] Log level: Info
2023-12-02 05:53:20.390 [info] Validating found git in: "git"
2023-12-02 05:53:20.390 [info] Using git "2.43.0" from "git"
2023-12-02 05:53:20.390 [info] > git rev-parse --show-toplevel [31ms]
2023-12-02 05:53:21.233 [info] > git rev-parse --git-dir --git-common-dir [268ms]
2023-12-02 05:53:21.284 [info] Open repository: /home/gilang/Project/portofolio
2023-12-02 05:53:21.753 [info] > git rev-parse --show-toplevel [169ms]
2023-12-02 05:53:21.755 [info] > git config --get commit.template [207ms]
2023-12-02 05:53:21.978 [info] > git rev-parse --show-toplevel [126ms]
2023-12-02 05:53:22.158 [info] > git for-each-ref --format=%(refname)%00%(upstream:short)%00%(objectname)%00%(upstream:track)%00%(upstream:remotename)%00%(upstream:remoteref) refs/heads/main refs/remotes/main [196ms]
2023-12-02 05:53:22.381 [info] > git status -z -uall [101ms]
2023-12-02 05:53:22.436 [info] > git rev-parse --show-toplevel [369ms]
2023-12-02 05:53:22.863 [info] > git check-ignore -v -z --stdin [511ms]
2023-12-02 05:53:22.911 [info] > git rev-parse --show-toplevel [132ms]
2023-12-02 05:53:23.163 [info] > git config --get commit.template [509ms]
2023-12-02 05:53:23.235 [info] > git show --textconv :index.html [221ms]
2023-12-02 05:53:23.235 [info] > git ls-files --stage -- /home/gilang/Project/portofolio/index.html [73ms]
2023-12-02 05:53:23.730 [info] > git fetch [2446ms]
2023-12-02 05:53:23.748 [info] > git cat-file -s 5f94833d1ef5d1d666eb2642ef9762988db9f06a [447ms]
2023-12-02 05:53:23.839 [info] > git for-each-ref --format=%(refname)%00%(upstream:short)%00%(objectname)%00%(upstream:track)%00%(upstream:remotename)%00%(upstream:remoteref) refs/heads/main refs/remotes/main [176ms]
2023-12-02 05:53:23.852 [info] > git config --get commit.template [36ms]
2023-12-02 05:53:24.165 [info] > git for-each-ref --format=%(refname)%00%(upstream:short)%00%(objectname)%00%(upstream:track)%00%(upstream:remotename)%00%(upstream:remoteref) refs/heads/main refs/remotes/main [265ms]
2023-12-02 05:53:24.717 [info] > git status -z -uall [496ms]
2023-12-02 05:53:25.497 [info] > git ls-files --stage -- /home/gilang/Project/portofolio/index.html [67ms]
2023-12-02 05:53:25.593 [info] > git cat-file -s 5f94833d1ef5d1d666eb2642ef9762988db9f06a [14ms]
2023-12-02 05:53:25.679 [info] > git show --textconv :index.html [28ms]
2023-12-02 05:55:09.571 [info] > git show --textconv :index.html [12ms]
2023-12-02 05:55:09.576 [info] > git ls-files --stage -- /home/gilang/Project/portofolio/index.html [6ms]
2023-12-02 05:55:09.593 [info] > git cat-file -s 5f94833d1ef5d1d666eb2642ef9762988db9f06a [6ms]
2023-12-02 05:55:36.512 [info] > git config --get commit.template [27ms]
2023-12-02 05:55:36.516 [info] > git for-each-ref --format=%(refname)%00%(upstream:short)%00%(objectname)%00%(upstream:track)%00%(upstream:remotename)%00%(upstream:remoteref) refs/heads/main refs/remotes/main [6ms]
2023-12-02 05:55:36.537 [info] > git status -z -uall [6ms]
2023-12-02 05:55:37.916 [info] > git check-ignore -v -z --stdin [5ms]
2023-12-02 05:55:46.934 [info] > git show --textconv :css/styles.css [28ms]
2023-12-02 05:55:46.946 [info] > git ls-files --stage -- /home/gilang/Project/portofolio/css/styles.css [13ms]
2023-12-02 05:55:46.984 [info] > git cat-file -s 5cf39c3dea1b4a516d1b704eb94cce93eb8897e5 [8ms]
2023-12-02 05:55:55.064 [info] > git config --get commit.template [13ms]
2023-12-02 05:55:55.067 [info] > git for-each-ref --format=%(refname)%00%(upstream:short)%00%(objectname)%00%(upstream:track)%00%(upstream:remotename)%00%(upstream:remoteref) refs/heads/main refs/remotes/main [5ms]
2023-12-02 05:55:55.084 [info] > git status -z -uall [5ms]
2023-12-02 05:55:58.385 [info] > git show --textconv :index.html [19ms]
2023-12-02 05:55:58.392 [info] > git ls-files --stage -- /home/gilang/Project/portofolio/index.html [8ms]
2023-12-02 05:55:58.413 [info] > git cat-file -s 5f94833d1ef5d1d666eb2642ef9762988db9f06a [6ms]
2023-12-02 05:56:11.483 [info] > git show --textconv :css/styles.css [19ms]
2023-12-02 05:56:11.487 [info] > git ls-files --stage -- /home/gilang/Project/portofolio/css/styles.css [4ms]
2023-12-02 05:56:11.511 [info] > git cat-file -s 5cf39c3dea1b4a516d1b704eb94cce93eb8897e5 [8ms]
2023-12-02 05:56:26.002 [info] > git ls-files --stage -- /home/gilang/Project/portofolio/index.html [13ms]
2023-12-02 05:56:26.017 [info] > git ls-files --stage -- /home/gilang/Project/portofolio/css/styles.css [16ms]
2023-12-02 05:56:26.030 [info] > git cat-file -s 5f94833d1ef5d1d666eb2642ef9762988db9f06a [14ms]
2023-12-02 05:56:26.045 [info] > git cat-file -s 5cf39c3dea1b4a516d1b704eb94cce93eb8897e5 [16ms]
2023-12-02 05:56:26.059 [info] > git show --textconv :index.html [14ms]
2023-12-02 05:56:26.064 [info] > git show --textconv :css/styles.css [5ms]
2023-12-02 05:56:31.019 [info] > git fetch [6268ms]
2023-12-02 05:56:31.046 [info] > git config --get commit.template [13ms]
2023-12-02 05:56:31.050 [info] > git for-each-ref --format=%(refname)%00%(upstream:short)%00%(objectname)%00%(upstream:track)%00%(upstream:remotename)%00%(upstream:remoteref) refs/heads/main refs/remotes/main [5ms]
2023-12-02 05:56:31.066 [info] > git status -z -uall [4ms]
2023-12-02 05:56:32.116 [info] > git config --get commit.template [13ms]
2023-12-02 05:56:32.119 [info] > git for-each-ref --format=%(refname)%00%(upstream:short)%00%(objectname)%00%(upstream:track)%00%(upstream:remotename)%00%(upstream:remoteref) refs/heads/main refs/remotes/main [5ms]
2023-12-02 05:56:32.135 [info] > git status -z -uall [4ms]
2023-12-02 05:56:32.217 [info] > git ls-files --stage -- /home/gilang/Project/portofolio/index.html [13ms]
2023-12-02 05:56:32.229 [info] > git ls-files --stage -- /home/gilang/Project/portofolio/css/styles.css [13ms]
2023-12-02 05:56:32.250 [info] > git cat-file -s 5cf39c3dea1b4a516d1b704eb94cce93eb8897e5 [11ms]
2023-12-02 05:56:32.251 [info] > git cat-file -s 5f94833d1ef5d1d666eb2642ef9762988db9f06a [23ms]
2023-12-02 05:56:32.278 [info] > git show --textconv :css/styles.css [13ms]
2023-12-02 05:56:32.281 [info] > git show --textconv :index.html [4ms]
2023-12-02 05:59:32.321 [info] > git ls-files --stage -- /home/gilang/Project/portofolio/index.html [13ms]
2023-12-02 05:59:32.333 [info] > git ls-files --stage -- /home/gilang/Project/portofolio/css/styles.css [13ms]
2023-12-02 05:59:32.346 [info] > git cat-file -s 5f94833d1ef5d1d666eb2642ef9762988db9f06a [14ms]
2023-12-02 05:59:32.360 [info] > git cat-file -s 5cf39c3dea1b4a516d1b704eb94cce93eb8897e5 [15ms]
2023-12-02 05:59:32.374 [info] > git show --textconv :index.html [15ms]
2023-12-02 05:59:32.378 [info] > git show --textconv :css/styles.css [4ms]
2023-12-02 05:59:41.111 [info] > git fetch [10028ms]
2023-12-02 05:59:41.134 [info] > git config --get commit.template [11ms]
2023-12-02 05:59:41.139 [info] > git for-each-ref --format=%(refname)%00%(upstream:short)%00%(objectname)%00%(upstream:track)%00%(upstream:remotename)%00%(upstream:remoteref) refs/heads/main refs/remotes/main [6ms]
2023-12-02 05:59:41.153 [info] > git status -z -uall [4ms]
2023-12-02 05:59:42.203 [info] > git config --get commit.template [11ms]
2023-12-02 05:59:42.208 [info] > git for-each-ref --format=%(refname)%00%(upstream:short)%00%(objectname)%00%(upstream:track)%00%(upstream:remotename)%00%(upstream:remoteref) refs/heads/main refs/remotes/main [6ms]
2023-12-02 05:59:42.225 [info] > git status -z -uall [6ms]
2023-12-02 05:59:42.309 [info] > git ls-files --stage -- /home/gilang/Project/portofolio/index.html [13ms]
2023-12-02 05:59:42.320 [info] > git ls-files --stage -- /home/gilang/Project/portofolio/css/styles.css [12ms]
2023-12-02 05:59:42.339 [info] > git cat-file -s 5cf39c3dea1b4a516d1b704eb94cce93eb8897e5 [8ms]
2023-12-02 05:59:42.340 [info] > git cat-file -s 5f94833d1ef5d1d666eb2642ef9762988db9f06a [21ms]
2023-12-02 05:59:42.367 [info] > git show --textconv :css/styles.css [14ms]
2023-12-02 05:59:42.371 [info] > git show --textconv :index.html [5ms]
2023-12-02 06:02:42.383 [info] > git ls-files --stage -- /home/gilang/Project/portofolio/index.html [13ms]
2023-12-02 06:02:42.396 [info] > git ls-files --stage -- /home/gilang/Project/portofolio/css/styles.css [14ms]
2023-12-02 06:02:42.408 [info] > git cat-file -s 5f94833d1ef5d1d666eb2642ef9762988db9f06a [13ms]
2023-12-02 06:02:42.423 [info] > git cat-file -s 5cf39c3dea1b4a516d1b704eb94cce93eb8897e5 [16ms]
2023-12-02 06:02:42.440 [info] > git show --textconv :index.html [19ms]
2023-12-02 06:02:42.445 [info] > git fetch [1275ms]
2023-12-02 06:02:42.459 [info] > git show --textconv :css/styles.css [19ms]
2023-12-02 06:02:42.473 [info] > git config --get commit.template [15ms]
2023-12-02 06:02:42.477 [info] > git for-each-ref --format=%(refname)%00%(upstream:short)%00%(objectname)%00%(upstream:track)%00%(upstream:remotename)%00%(upstream:remoteref) refs/heads/main refs/remotes/main [5ms]
2023-12-02 06:02:42.493 [info] > git status -z -uall [6ms]
2023-12-02 06:02:43.535 [info] > git config --get commit.template [12ms]
2023-12-02 06:02:43.539 [info] > git for-each-ref --format=%(refname)%00%(upstream:short)%00%(objectname)%00%(upstream:track)%00%(upstream:remotename)%00%(upstream:remoteref) refs/heads/main refs/remotes/main [6ms]
2023-12-02 06:02:43.555 [info] > git status -z -uall [6ms]
2023-12-02 06:02:43.634 [info] > git ls-files --stage -- /home/gilang/Project/portofolio/index.html [14ms]
2023-12-02 06:02:43.647 [info] > git ls-files --stage -- /home/gilang/Project/portofolio/css/styles.css [14ms]
2023-12-02 06:02:43.667 [info] > git cat-file -s 5cf39c3dea1b4a516d1b704eb94cce93eb8897e5 [8ms]
2023-12-02 06:02:43.668 [info] > git cat-file -s 5f94833d1ef5d1d666eb2642ef9762988db9f06a [22ms]
2023-12-02 06:02:43.697 [info] > git show --textconv :css/styles.css [14ms]
2023-12-02 06:02:43.702 [info] > git show --textconv :index.html [4ms]
2023-12-02 06:05:43.729 [info] > git fetch [1217ms]
2023-12-02 06:05:43.765 [info] > git config --get commit.template [19ms]
2023-12-02 06:05:43.770 [info] > git for-each-ref --format=%(refname)%00%(upstream:short)%00%(objectname)%00%(upstream:track)%00%(upstream:remotename)%00%(upstream:remoteref) refs/heads/main refs/remotes/main [7ms]
2023-12-02 06:05:43.799 [info] > git status -z -uall [8ms]
2023-12-02 06:07:26.119 [info] > git ls-files --stage -- /home/gilang/Project/portofolio/index.html [35ms]
2023-12-02 06:07:26.154 [info] > git ls-files --stage -- /home/gilang/Project/portofolio/css/styles.css [35ms]
2023-12-02 06:07:26.175 [info] > git cat-file -s 5f94833d1ef5d1d666eb2642ef9762988db9f06a [23ms]
2023-12-02 06:07:26.204 [info] > git cat-file -s 5cf39c3dea1b4a516d1b704eb94cce93eb8897e5 [30ms]
2023-12-02 06:07:26.237 [info] > git show --textconv :index.html [35ms]
2023-12-02 06:07:26.242 [info] > git show --textconv :css/styles.css [7ms]
2023-12-02 06:08:08.395 [info] > git config --get commit.template [28ms]
2023-12-02 06:08:08.403 [info] > git for-each-ref --format=%(refname)%00%(upstream:short)%00%(objectname)%00%(upstream:track)%00%(upstream:remotename)%00%(upstream:remoteref) refs/heads/main refs/remotes/main [10ms]
2023-12-02 06:08:08.454 [info] > git status -z -uall [11ms]
2023-12-02 06:08:45.546 [info] > git ls-files --stage -- /home/gilang/Project/portofolio/index.html [25ms]
2023-12-02 06:08:45.573 [info] > git ls-files --stage -- /home/gilang/Project/portofolio/css/styles.css [29ms]
2023-12-02 06:08:45.609 [info] > git cat-file -s 5f94833d1ef5d1d666eb2642ef9762988db9f06a [37ms]
2023-12-02 06:08:45.643 [info] > git cat-file -s 5cf39c3dea1b4a516d1b704eb94cce93eb8897e5 [39ms]
2023-12-02 06:08:45.674 [info] > git show --textconv :index.html [32ms]
2023-12-02 06:08:45.679 [info] > git show --textconv :css/styles.css [8ms]
2023-12-02 06:08:49.213 [info] > git fetch [5396ms]
2023-12-02 06:08:49.256 [info] > git config --get commit.template [24ms]
2023-12-02 06:08:49.257 [info] > git for-each-ref --format=%(refname)%00%(upstream:short)%00%(objectname)%00%(upstream:track)%00%(upstream:remotename)%00%(upstream:remoteref) refs/heads/main refs/remotes/main [6ms]
2023-12-02 06:08:49.285 [info] > git status -z -uall [6ms]
2023-12-02 06:08:51.387 [info] > git ls-files --stage -- /home/gilang/Project/portofolio/index.html [43ms]
2023-12-02 06:08:51.432 [info] > git ls-files --stage -- /home/gilang/Project/portofolio/css/styles.css [47ms]
2023-12-02 06:08:51.460 [info] > git cat-file -s 5f94833d1ef5d1d666eb2642ef9762988db9f06a [31ms]
2023-12-02 06:08:51.487 [info] > git cat-file -s 5cf39c3dea1b4a516d1b704eb94cce93eb8897e5 [28ms]
2023-12-02 06:08:51.495 [info] > git show --textconv :index.html [8ms]
2023-12-02 06:08:51.532 [info] > git show --textconv :css/styles.css [9ms]
2023-12-02 06:09:03.099 [info] > git config --get commit.template [14ms]
2023-12-02 06:09:03.105 [info] > git for-each-ref --format=%(refname)%00%(upstream:short)%00%(objectname)%00%(upstream:track)%00%(upstream:remotename)%00%(upstream:remoteref) refs/heads/main refs/remotes/main [7ms]
2023-12-02 06:09:03.120 [info] > git status -z -uall [5ms]
2023-12-02 06:09:08.657 [info] > git config --get commit.template [12ms]
2023-12-02 06:09:08.661 [info] > git for-each-ref --format=%(refname)%00%(upstream:short)%00%(objectname)%00%(upstream:track)%00%(upstream:remotename)%00%(upstream:remoteref) refs/heads/main refs/remotes/main [5ms]
2023-12-02 06:09:08.676 [info] > git status -z -uall [5ms]
2023-12-02 06:09:32.654 [info] > git config --get commit.template [13ms]
2023-12-02 06:09:32.657 [info] > git for-each-ref --format=%(refname)%00%(upstream:short)%00%(objectname)%00%(upstream:track)%00%(upstream:remotename)%00%(upstream:remoteref) refs/heads/main refs/remotes/main [4ms]
2023-12-02 06:09:32.673 [info] > git status -z -uall [5ms]
2023-12-02 06:10:17.457 [info] > git config --get commit.template [26ms]
2023-12-02 06:10:17.464 [info] > git for-each-ref --format=%(refname)%00%(upstream:short)%00%(objectname)%00%(upstream:track)%00%(upstream:remotename)%00%(upstream:remoteref) refs/heads/main refs/remotes/main [10ms]
2023-12-02 06:10:17.503 [info] > git status -z -uall [11ms]
2023-12-02 06:10:29.935 [info] > git config --get commit.template [13ms]
2023-12-02 06:10:29.937 [info] > git for-each-ref --format=%(refname)%00%(upstream:short)%00%(objectname)%00%(upstream:track)%00%(upstream:remotename)%00%(upstream:remoteref) refs/heads/main refs/remotes/main [3ms]
2023-12-02 06:10:29.954 [info] > git status -z -uall [5ms]
2023-12-02 06:15:06.279 [info] > git ls-files --stage -- /home/gilang/Project/portofolio/index.html [16ms]
2023-12-02 06:15:06.294 [info] > git ls-files --stage -- /home/gilang/Project/portofolio/css/styles.css [17ms]
2023-12-02 06:15:06.307 [info] > git cat-file -s 5f94833d1ef5d1d666eb2642ef9762988db9f06a [14ms]
2023-12-02 06:15:06.329 [info] > git cat-file -s 5cf39c3dea1b4a516d1b704eb94cce93eb8897e5 [23ms]
2023-12-02 06:15:06.332 [info] > git fetch [1266ms]
2023-12-02 06:15:06.349 [info] > git show --textconv :index.html [22ms]
2023-12-02 06:15:06.372 [info] > git config --get commit.template [24ms]
2023-12-02 06:15:06.398 [info] > git show --textconv :css/styles.css [27ms]
2023-12-02 06:15:06.403 [info] > git for-each-ref --format=%(refname)%00%(upstream:short)%00%(objectname)%00%(upstream:track)%00%(upstream:remotename)%00%(upstream:remoteref) refs/heads/main refs/remotes/main [7ms]
2023-12-02 06:15:06.424 [info] > git status -z -uall [7ms]
2023-12-02 06:15:07.532 [info] > git ls-files --stage -- /home/gilang/Project/portofolio/index.html [16ms]
2023-12-02 06:15:07.548 [info] > git ls-files --stage -- /home/gilang/Project/portofolio/css/styles.css [16ms]
2023-12-02 06:15:07.563 [info] > git cat-file -s 5f94833d1ef5d1d666eb2642ef9762988db9f06a [17ms]
2023-12-02 06:15:07.579 [info] > git cat-file -s 5cf39c3dea1b4a516d1b704eb94cce93eb8897e5 [18ms]
2023-12-02 06:15:07.599 [info] > git show --textconv :index.html [22ms]
2023-12-02 06:15:07.604 [info] > git show --textconv :css/styles.css [6ms]
2023-12-02 06:15:59.267 [info] > git config --get commit.template [27ms]
2023-12-02 06:15:59.270 [info] > git for-each-ref --format=%(refname)%00%(upstream:short)%00%(objectname)%00%(upstream:track)%00%(upstream:remotename)%00%(upstream:remoteref) refs/heads/main refs/remotes/main [7ms]
2023-12-02 06:15:59.300 [info] > git status -z -uall [7ms]
2023-12-02 06:17:46.598 [info] > git config --get commit.template [24ms]
2023-12-02 06:17:46.604 [info] > git for-each-ref --format=%(refname)%00%(upstream:short)%00%(objectname)%00%(upstream:track)%00%(upstream:remotename)%00%(upstream:remoteref) refs/heads/main refs/remotes/main [8ms]
2023-12-02 06:17:46.632 [info] > git status -z -uall [10ms]
2023-12-02 06:18:08.775 [info] > git fetch [1315ms]
2023-12-02 06:18:08.810 [info] > git config --get commit.template [19ms]
2023-12-02 06:18:08.816 [info] > git for-each-ref --format=%(refname)%00%(upstream:short)%00%(objectname)%00%(upstream:track)%00%(upstream:remotename)%00%(upstream:remoteref) refs/heads/main refs/remotes/main [7ms]
2023-12-02 06:18:08.840 [info] > git status -z -uall [6ms]
2023-12-02 06:18:26.026 [info] > git ls-files --stage -- /home/gilang/Project/portofolio/index.html [37ms]
2023-12-02 06:18:26.056 [info] > git config --get commit.template [107ms]
2023-12-02 06:18:26.102 [info] > git ls-files --stage -- /home/gilang/Project/portofolio/css/styles.css [87ms]
2023-12-02 06:18:26.153 [info] > git for-each-ref --format=%(refname)%00%(upstream:short)%00%(objectname)%00%(upstream:track)%00%(upstream:remotename)%00%(upstream:remoteref) refs/heads/main refs/remotes/main [53ms]
2023-12-02 06:18:26.187 [info] > git cat-file -s 5f94833d1ef5d1d666eb2642ef9762988db9f06a [131ms]
2023-12-02 06:18:26.194 [info] > git cat-file -s 5cf39c3dea1b4a516d1b704eb94cce93eb8897e5 [42ms]
2023-12-02 06:18:26.214 [info] > git status -z -uall [32ms]
2023-12-02 06:18:26.272 [info] > git show --textconv :index.html [60ms]
2023-12-02 06:18:26.281 [info] > git show --textconv :css/styles.css [11ms]
2023-12-02 06:19:44.251 [info] > git config --get commit.template [15ms]
2023-12-02 06:19:44.256 [info] > git for-each-ref --format=%(refname)%00%(upstream:short)%00%(objectname)%00%(upstream:track)%00%(upstream:remotename)%00%(upstream:remoteref) refs/heads/main refs/remotes/main [6ms]
2023-12-02 06:19:44.276 [info] > git status -z -uall [8ms]
2023-12-02 06:19:49.328 [info] > git config --get commit.template [23ms]
2023-12-02 06:19:49.333 [info] > git for-each-ref --format=%(refname)%00%(upstream:short)%00%(objectname)%00%(upstream:track)%00%(upstream:remotename)%00%(upstream:remoteref) refs/heads/main refs/remotes/main [7ms]
2023-12-02 06:19:49.362 [info] > git status -z -uall [6ms]
