[1701470934154] INFO  (ext): SQLTools is starting
[1701470934160] INFO  (ext): initializing language client...
[1701470934167] INFO  (ext): Registering client for languages [{"scheme":"sqltools"},{"language":"sql","scheme":"untitled"},{"language":"sql","scheme":"file"},{"language":"sql","scheme":"sqltools"}]
    ns: "lc"
[1701470934180] INFO  (ext): loading plugins...
[1701470934180] INFO  (ext): registering Formatter Plugin.
    plugin: {
      "name": "Formatter Plugin"
    }
[1701470934181] INFO  (ext): registering Connection Manager Plugin.
    plugin: {
      "name": "Connection Manager Plugin"
    }
[1701470934182] INFO  (ext): registering CodeLens Plugin.
    plugin: {
      "name": "CodeLens Plugin",
      "registeredLanguages": []
    }
[1701470934183] INFO  (ext): registering Dependency Manager Plugin.
    plugin: {
      "name": "Dependency Manager Plugin",
      "installingDrivers": []
    }
[1701470934200] INFO  (ext): Connection explorer changed. Will be updated.
    ns: "conn-man:explorer"
[1701470934209] INFO  (ext): registering History Manager Plugin.
    plugin: {
      "name": "History Manager Plugin"
    }
[1701470934211] INFO  (ext): registering Bookmarks Manager Plugin.
    plugin: {
      "name": "Bookmarks Manager Plugin"
    }
[1701470934223] INFO  (ext): registering Authentication Provider Plugin.
    plugin: {
      "name": "Authentication Provider Plugin",
      "isRegistered": false
    }
[1701470934224] INFO  (ext): registering Object Drop-in Provider (plugin).
    plugin: {
      "type": "plugin",
      "name": "Object Drop-in Provider",
      "isRegistered": false
    }
[1701470934226] INFO  (ext): SQLTools activation completed. 72.088362 ms
[1701470934226] INFO  (ext): Formatter Plugin registered!
[1701470934227] INFO  (ext): CodeLens Plugin registered!
[1701470934232] INFO  (ext): Dependency Manager Plugin registered!
[1701470934232] INFO  (ext): Connection Manager Plugin registered!
[1701470934233] INFO  (ext): History Manager Plugin registered!
[1701470934233] INFO  (ext): Bookmarks Manager Plugin registered!
[1701470934233] INFO  (ext): Authentication Provider Plugin registered!
[1701470934233] INFO  (ext): Object Drop-in Provider (plugin) registered!
[1701470935139] INFO  (ext): registering MySQL/MariaDB/TiDB Plugin (driver).
    plugin: {
      "extensionId": "mtxr.sqltools-driver-mysql",
      "name": "MySQL/MariaDB/TiDB Plugin",
      "type": "driver"
    }
[1701470935269] INFO  (ls): SQLTools Server started!
===============================
Using node runtime?: no
ExecPath: /var/lib/snapd/snap/code/146/usr/share/code/code 
===============================
[1701470935378] INFO  (ext): LanguageClient ready
    ns: "lc"
[1701470935366] INFO  (ls): Initialized with node version:v18.15.0
[1701470935395] INFO  (ls): REQUEST RECEIVED => ls/RegisterPlugin
[1701470935396] INFO  (ls): request to register plugin: "/home/gilang/.vscode/extensions/mtxr.sqltools-driver-mysql-0.6.0/out/ls/plugin.js"
[1701470935816] INFO  (ls): Driver mysql registered!
    place: "driver-map"
    ns: "ls-context"
[1701470935817] INFO  (ls): Driver mariadb registered!
    place: "driver-map"
    ns: "ls-context"
[1701470935817] INFO  (ls): Driver tidb registered!
    place: "driver-map"
    ns: "ls-context"
[1701470936040] INFO  (ext): MySQL/MariaDB/TiDB Plugin (driver) registered!
[1701470936433] INFO  (ext): Connection explorer changed. Will be updated.
    ns: "conn-man:explorer"
[1701470936492] INFO  (ext): Connection explorer changed. Will be updated.
    ns: "conn-man:explorer"
[1701470937040] INFO  (ext): EXECUTING COMMAND => sqltools.refreshTree
[1701470937041] INFO  (ext): Connection explorer changed. Will be updated.
    ns: "conn-man:explorer"
[1701470961571] INFO  (ext): Connection explorer changed. Will be updated.
    ns: "conn-man:explorer"
[1701470963710] INFO  (ext): Connection explorer changed. Will be updated.
    ns: "conn-man:explorer"
[1701470981322] INFO  (ext): Connection explorer changed. Will be updated.
    ns: "conn-man:explorer"
