2023-12-01T09:59:28.757Z extension INFO  Activating extension... [
  {
    id: 'mongodb.mongodb-vscode',
    version: '1.3.1',
    mode: 'Production',
    kind: 'UI',
    extensionPath: '/home/gilang/.vscode/extensions/mongodb.mongodb-vscode-1.3.1',
    logPath: '/home/gilang/.config/Code/logs/20231201T164034/window1/exthost/mongodb.mongodb-vscode',
    workspaceStoragePath: '/home/gilang/.config/Code/User/workspaceStorage/f190336d1f188f5f0a061f770c2e1191/mongodb.mongodb-vscode',
    globalStoragePath: '/home/gilang/.config/Code/User/globalStorage/mongodb.mongodb-vscode',
    defaultConnectionSavingLocation: 'Global',
    buildInfo: {
      nodeVersion: 'v18.15.0',
      runtimePlatform: 'linux',
      runtimeArch: 'x64'
    }
  }
]

2023-12-01T09:59:28.760Z telemetry INFO  SegmentKey was found [ { type: 'string' } ]

2023-12-01T09:59:28.760Z language server controller INFO  Creating MongoDB Language Server... [
  {
    extensionPath: '/home/gilang/.vscode/extensions/mongodb.mongodb-vscode-1.3.1',
    languageServer: {
      id: 'mongodbLanguageServer',
      name: 'MongoDB Language Server',
      path: '/home/gilang/.vscode/extensions/mongodb.mongodb-vscode-1.3.1/dist/languageServer.js',
      documentSelector: '[{"pattern":"**/*.mongodb.js"},{"pattern":"**/*.mongodb"}]'
    }
  }
]

2023-12-01T09:59:28.781Z telemetry INFO  Segment analytics activated [ { anonymousId: 'ee47c5c2-cc90-4c8b-9f17-d0181a2406cd' } ]

2023-12-01T09:59:28.824Z language server controller INFO  Starting the language server... []

2023-12-01T09:59:31.492Z webview controller INFO  Opening webview... []

2023-12-01T09:59:31.495Z language server controller INFO  MongoDBService initialized. Sending default settings... {"extensionPath":"/home/gilang/.vscode/extensions/mongodb.mongodb-vscode-1.3.1","connectionId":null,"hasConnectionString":false,"hasConnectionOptions":false} []

2023-12-01T09:59:42.381Z telemetry INFO  Telemetry sent [
  {
    anonymousId: 'ee47c5c2-cc90-4c8b-9f17-d0181a2406cd',
    event: 'Command Run',
    properties: { command: 'mdb.openOverviewPage', extension_version: '1.3.1' }
  }
]

2023-12-01T13:47:37.689Z extension INFO  Deactivating extension... []

2023-12-01T13:47:37.690Z connection controller INFO  Disconnect called, currently connected to [ null ]

2023-12-01T13:47:37.693Z language server controller INFO  Changing MongoDBService active connection... [ { connectionId: null } ]

2023-12-01T13:47:37.702Z connection controller INFO  Disconnect called, currently connected to [ null ]

2023-12-01T13:47:37.702Z language server controller INFO  Changing MongoDBService active connection... [ { connectionId: null } ]

2023-12-01T13:47:37.744Z language server controller INFO  Deactivating the language server... []

2023-12-01T13:47:37.744Z language server controller INFO  Deactivating the language server... []

