2023-12-01 16:41:42.986 [info] Reading sessions from keychain...
2023-12-01 16:41:42.986 [info] Getting sessions for all scopes...
2023-12-01 16:41:42.986 [info] Got 0 sessions for ...
2023-12-01 16:41:42.986 [info] Getting sessions for all scopes...
2023-12-01 16:41:42.986 [info] Got 0 sessions for ...
2023-12-01 16:41:42.986 [info] Getting sessions for user:email...
2023-12-01 16:41:42.986 [info] Got 0 sessions for user:email...
2023-12-01 16:41:42.994 [info] Getting sessions for all scopes...
2023-12-01 16:41:42.994 [info] Got 0 sessions for ...
2023-12-01 16:41:44.435 [info] Logging in for the following scopes: user:email
2023-12-01 16:41:44.439 [info] Trying without local server... (user:email)
2023-12-01 16:44:35.645 [error] User Cancelled
2023-12-01 16:44:42.106 [info] Trying with local server... (user:email)
2023-12-01 16:44:43.405 [info] Exchanging code for token...
2023-12-01 16:44:43.870 [info] Token exchange success!
2023-12-01 16:44:43.877 [info] Getting user info...
2023-12-01 16:44:44.396 [info] Got account info!
2023-12-01 16:44:44.397 [info] Storing 1 sessions...
2023-12-01 16:44:50.697 [info] Reading sessions from keychain...
2023-12-01 16:44:50.697 [info] Stored 1 sessions!
2023-12-01 16:44:50.697 [info] Login success!
2023-12-01 16:44:50.762 [info] Getting sessions for user:email...
2023-12-01 16:44:50.762 [info] Got stored sessions!
2023-12-01 16:44:50.762 [info] Got 1 verified sessions.
2023-12-01 16:44:50.762 [info] Got 1 sessions for user:email...
2023-12-01 16:47:28.244 [info] Reading sessions from keychain...
2023-12-01 16:47:28.244 [info] Getting sessions for all scopes...
2023-12-01 16:47:28.244 [info] Getting sessions for user:email...
2023-12-01 16:47:28.244 [info] Got stored sessions!
2023-12-01 16:47:28.244 [info] Got 1 verified sessions.
2023-12-01 16:47:28.244 [info] Got 1 sessions for ...
2023-12-01 16:47:28.244 [info] Got 1 sessions for user:email...
2023-12-01 16:47:28.244 [info] Getting sessions for all scopes...
2023-12-01 16:47:28.244 [info] Got 1 sessions for ...
2023-12-01 16:47:33.060 [info] Getting sessions for all scopes...
2023-12-01 16:47:33.060 [info] Got 1 sessions for ...
2023-12-01 16:47:33.665 [info] Getting sessions for read:user,repo,user:email,workflow...
2023-12-01 16:47:33.665 [info] Got 0 sessions for read:user,repo,user:email,workflow...
2023-12-01 16:47:58.498 [info] Getting sessions for all scopes...
2023-12-01 16:47:58.498 [info] Got 1 sessions for ...
