2023-12-01 16:40:36.863 [info] Added views:workbench.panel.markers.view in workbench.panel.markers
2023-12-01 16:40:36.863 [info] Added views:workbench.panel.output in workbench.panel.output
2023-12-01 16:40:36.863 [info] Added views:terminal in terminal
2023-12-01 16:40:36.863 [info] Added views:outline in workbench.view.explorer
2023-12-01 16:40:36.863 [info] Added views:workbench.scm in workbench.view.scm
2023-12-01 16:40:36.863 [info] Added views:workbench.view.search in workbench.view.search
2023-12-01 16:40:36.866 [info] Added views:timeline in workbench.view.explorer
2023-12-01 16:40:36.866 [info] Added views:workbench.explorer.emptyView in workbench.view.explorer
2023-12-01 16:40:38.295 [info] Added views:workbench.debug.variablesView,workbench.debug.watchExpressionsView,workbench.debug.callStackView,workbench.debug.breakPointsView in workbench.view.debug
2023-12-01 16:40:38.824 [info] Added views:workbench.panel.repl.view in workbench.panel.repl
2023-12-01 16:40:38.826 [info] Removed views:workbench.debug.breakPointsView,workbench.debug.callStackView,workbench.debug.watchExpressionsView,workbench.debug.variablesView from workbench.view.debug
2023-12-01 16:40:38.827 [info] Added views:workbench.debug.welcome in workbench.view.debug
2023-12-01 16:40:39.067 [info] Added views:~remote.forwardedPorts in ~remote.forwardedPortsContainer
2023-12-01 16:40:40.316 [info] Added views:workbench.views.extensions.installed,extensions.recommendedList in workbench.view.extensions
2023-12-01 16:41:29.272 [info] Removed views:extensions.recommendedList,workbench.views.extensions.installed from workbench.view.extensions
2023-12-01 16:41:29.286 [info] Added views:workbench.views.extensions.marketplace in workbench.view.extensions
2023-12-01 16:41:33.774 [info] Removed views:workbench.views.extensions.marketplace from workbench.view.extensions
2023-12-01 16:41:33.803 [info] Added views:workbench.views.extensions.installed,extensions.recommendedList in workbench.view.extensions
2023-12-01 16:42:56.413 [info] Added views:workbench.views.extensions.popular in workbench.view.extensions
2023-12-01 16:43:30.344 [info] Removed views:extensions.recommendedList,workbench.views.extensions.popular,workbench.views.extensions.installed from workbench.view.extensions
2023-12-01 16:43:30.358 [info] Added views:workbench.views.extensions.marketplace in workbench.view.extensions
2023-12-01 16:44:52.406 [info] View visibility state changed: workbench.explorer.openEditorsView is now visible Explorer
2023-12-01 16:44:52.406 [info] Showing view workbench.explorer.openEditorsView in the container workbench.view.explorer
2023-12-01 16:44:52.418 [info] Added views:workbench.explorer.openEditorsView in workbench.view.explorer
2023-12-01 16:45:13.782 [info] Removed views:workbench.views.extensions.marketplace from workbench.view.extensions
2023-12-01 16:45:13.802 [info] Added views:workbench.views.extensions.installed,workbench.views.extensions.popular,extensions.recommendedList in workbench.view.extensions
2023-12-01 16:45:16.613 [info] Removed views:extensions.recommendedList,workbench.views.extensions.popular,workbench.views.extensions.installed from workbench.view.extensions
2023-12-01 16:45:16.633 [info] Added views:workbench.views.extensions.marketplace in workbench.view.extensions
2023-12-01 16:45:16.653 [info] Removed views:workbench.views.extensions.marketplace from workbench.view.extensions
2023-12-01 16:45:16.672 [info] Added views:workbench.views.extensions.installed,workbench.views.extensions.popular,extensions.recommendedList in workbench.view.extensions
2023-12-01 16:45:18.608 [info] Removed views:extensions.recommendedList,workbench.views.extensions.popular,workbench.views.extensions.installed from workbench.view.extensions
2023-12-01 16:45:18.633 [info] Added views:workbench.views.extensions.marketplace in workbench.view.extensions
2023-12-01 16:46:53.590 [info] Removed views:workbench.views.extensions.marketplace from workbench.view.extensions
2023-12-01 16:46:53.624 [info] Added views:workbench.views.extensions.installed,workbench.views.extensions.popular,extensions.recommendedList in workbench.view.extensions
2023-12-01 16:47:24.565 [info] Added views:workbench.panel.markers.view in workbench.panel.markers
2023-12-01 16:47:24.565 [info] Added views:workbench.panel.output in workbench.panel.output
2023-12-01 16:47:24.565 [info] Added views:terminal in terminal
2023-12-01 16:47:24.565 [info] Added views:outline in workbench.view.explorer
2023-12-01 16:47:24.565 [info] Added views:workbench.scm in workbench.view.scm
2023-12-01 16:47:24.565 [info] Added views:workbench.view.search in workbench.view.search
2023-12-01 16:47:24.565 [info] Added views:timeline in workbench.view.explorer
2023-12-01 16:47:24.565 [info] Added views:workbench.explorer.openEditorsView,workbench.explorer.fileView in workbench.view.explorer
2023-12-01 16:47:25.827 [info] Added views:vscode-edge-devtools-view.targets,vscode-edge-devtools-view.help-links in workbench.view.extension.vscode-edge-devtools-view
2023-12-01 16:47:25.837 [info] Added views:tabnine.loading in workbench.view.extension.tabnine
2023-12-01 16:47:26.203 [info] Added views:workbench.debug.variablesView,workbench.debug.watchExpressionsView,workbench.debug.callStackView,workbench.debug.breakPointsView in workbench.view.debug
2023-12-01 16:47:26.492 [info] Added views:workbench.panel.repl.view in workbench.panel.repl
2023-12-01 16:47:26.495 [info] Removed views:workbench.debug.breakPointsView,workbench.debug.callStackView,workbench.debug.watchExpressionsView,workbench.debug.variablesView from workbench.view.debug
2023-12-01 16:47:26.496 [info] Added views:workbench.debug.welcome in workbench.view.debug
2023-12-01 16:47:26.983 [info] Added views:~remote.forwardedPorts in ~remote.forwardedPortsContainer
2023-12-01 16:47:27.628 [info] Added views:workbench.panel.comments in workbench.panel.comments
2023-12-01 16:47:31.881 [info] Added views:sqltoolsViewConnectionExplorer,sqltoolsViewBookmarksExplorer,sqltoolsViewHistoryExplorer in workbench.view.extension.sqltoolsActivityBarContainer
2023-12-01 16:47:31.882 [info] Added views:sqltoolsViewConsoleMessages in workbench.view.extension.sqltoolsPanelContainer
2023-12-01 16:47:37.085 [info] Added views:workbench.views.extensions.installed,workbench.views.extensions.popular,extensions.recommendedList in workbench.view.extensions
2023-12-01 16:47:37.087 [info] Removed views:workbench.views.extensions.popular from workbench.view.extensions
2023-12-01 16:48:08.501 [info] Removed views:tabnine.loading from workbench.view.extension.tabnine
2023-12-01 16:48:08.503 [info] Added views:tabnine.authenticate in workbench.view.extension.tabnine
2023-12-01 16:59:24.765 [info] Added views:blackbox-onboarding in workbench.view.extension.blackbox
2023-12-01 16:59:24.778 [info] Added views:workspaceEnvironments,pythonEnvironments in workbench.view.extension.package-explorer
2023-12-01 16:59:24.794 [info] Added views:mongoDBConnectionExplorer,mongoDBPlaygroundsExplorer,mongoDBHelpExplorer in workbench.view.extension.mongoDB
2023-12-01 16:59:28.943 [info] Added views:terminal.search.view in workbench.view.extension.blackbox-terminal
2023-12-01 17:29:55.314 [info] Removed views:extensions.recommendedList,workbench.views.extensions.installed from workbench.view.extensions
2023-12-01 17:29:55.328 [info] Added views:workbench.views.extensions.marketplace in workbench.view.extensions
