2023-12-02 05:48:46.692 [info] Added views:workbench.panel.markers.view in workbench.panel.markers
2023-12-02 05:48:46.692 [info] Added views:workbench.panel.output in workbench.panel.output
2023-12-02 05:48:46.692 [info] Added views:terminal in terminal
2023-12-02 05:48:46.692 [info] Added views:outline in workbench.view.explorer
2023-12-02 05:48:46.692 [info] Added views:workbench.scm in workbench.view.scm
2023-12-02 05:48:46.692 [info] Added views:workbench.view.search in workbench.view.search
2023-12-02 05:48:46.692 [info] Added views:timeline in workbench.view.explorer
2023-12-02 05:48:46.692 [info] Added views:workbench.explorer.openEditorsView,workbench.explorer.fileView in workbench.view.explorer
2023-12-02 05:48:47.488 [info] Added views:workbench.debug.welcome in workbench.view.debug
2023-12-02 05:48:48.845 [info] Added views:blackbox-onboarding in workbench.view.extension.blackbox
2023-12-02 05:48:48.847 [info] Added views:workspaceEnvironments,pythonEnvironments in workbench.view.extension.package-explorer
2023-12-02 05:48:48.848 [info] Added views:mongoDBConnectionExplorer,mongoDBPlaygroundsExplorer,mongoDBHelpExplorer in workbench.view.extension.mongoDB
2023-12-02 05:48:48.849 [info] Added views:vscode-edge-devtools-view.targets,vscode-edge-devtools-view.help-links in workbench.view.extension.vscode-edge-devtools-view
2023-12-02 05:48:48.852 [info] Added views:sqltoolsViewConnectionExplorer,sqltoolsViewBookmarksExplorer,sqltoolsViewHistoryExplorer in workbench.view.extension.sqltoolsActivityBarContainer
2023-12-02 05:48:48.857 [info] Added views:sqltoolsViewConsoleMessages in workbench.view.extension.sqltoolsPanelContainer
2023-12-02 05:48:48.858 [info] Added views:tabnine.loading in workbench.view.extension.tabnine
2023-12-02 05:48:49.516 [info] Added views:workbench.panel.repl.view in workbench.panel.repl
2023-12-02 05:48:52.978 [info] Added views:~remote.forwardedPorts in ~remote.forwardedPortsContainer
2023-12-02 05:48:53.955 [info] Added views:terminal.search.view in workbench.view.extension.blackbox-terminal
2023-12-02 05:48:56.296 [info] Added views:workbench.panel.comments in workbench.panel.comments
2023-12-02 05:49:10.195 [info] Removed views:tabnine.loading from workbench.view.extension.tabnine
2023-12-02 05:49:10.197 [info] Added views:tabnine.authenticate in workbench.view.extension.tabnine
2023-12-02 05:49:43.204 [info] Added views:workbench.views.extensions.installed,workbench.views.extensions.popular,extensions.recommendedList in workbench.view.extensions
2023-12-02 05:49:43.211 [info] Removed views:workbench.views.extensions.popular from workbench.view.extensions
2023-12-02 05:49:47.996 [info] Removed views:extensions.recommendedList,workbench.views.extensions.installed from workbench.view.extensions
2023-12-02 05:49:48.011 [info] Added views:workbench.views.extensions.marketplace in workbench.view.extensions
2023-12-02 05:53:13.335 [info] Added views:workbench.panel.markers.view in workbench.panel.markers
2023-12-02 05:53:13.335 [info] Added views:workbench.panel.output in workbench.panel.output
2023-12-02 05:53:13.335 [info] Added views:terminal in terminal
2023-12-02 05:53:13.335 [info] Added views:outline in workbench.view.explorer
2023-12-02 05:53:13.335 [info] Added views:workbench.scm in workbench.view.scm
2023-12-02 05:53:13.335 [info] Added views:workbench.view.search in workbench.view.search
2023-12-02 05:53:13.335 [info] Added views:timeline in workbench.view.explorer
2023-12-02 05:53:13.335 [info] Added views:workbench.explorer.openEditorsView,workbench.explorer.fileView in workbench.view.explorer
2023-12-02 05:53:13.752 [info] Added views:workbench.debug.welcome in workbench.view.debug
2023-12-02 05:53:14.836 [info] Added views:blackbox-onboarding in workbench.view.extension.blackbox
2023-12-02 05:53:14.838 [info] Added views:workspaceEnvironments,pythonEnvironments in workbench.view.extension.package-explorer
2023-12-02 05:53:14.842 [info] Added views:mongoDBConnectionExplorer,mongoDBPlaygroundsExplorer,mongoDBHelpExplorer in workbench.view.extension.mongoDB
2023-12-02 05:53:14.843 [info] Added views:vscode-edge-devtools-view.targets,vscode-edge-devtools-view.help-links in workbench.view.extension.vscode-edge-devtools-view
2023-12-02 05:53:14.843 [info] Added views:sqltoolsViewConnectionExplorer,sqltoolsViewBookmarksExplorer,sqltoolsViewHistoryExplorer in workbench.view.extension.sqltoolsActivityBarContainer
2023-12-02 05:53:14.847 [info] Added views:sqltoolsViewConsoleMessages in workbench.view.extension.sqltoolsPanelContainer
2023-12-02 05:53:14.848 [info] Added views:tabnine.loading in workbench.view.extension.tabnine
2023-12-02 05:53:15.320 [info] Added views:workbench.panel.repl.view in workbench.panel.repl
2023-12-02 05:53:18.729 [info] Added views:terminal.search.view in workbench.view.extension.blackbox-terminal
2023-12-02 05:53:20.005 [info] Added views:~remote.forwardedPorts in ~remote.forwardedPortsContainer
2023-12-02 05:53:20.615 [info] Added views:workbench.panel.comments in workbench.panel.comments
2023-12-02 05:53:21.281 [info] Added views:workbench.views.extensions.installed,extensions.recommendedList in workbench.view.extensions
2023-12-02 05:53:35.331 [info] Removed views:tabnine.loading from workbench.view.extension.tabnine
2023-12-02 05:53:35.332 [info] Added views:tabnine.authenticate in workbench.view.extension.tabnine
