2023-12-18 12:40:38.054 [info] Added views:workbench.panel.markers.view in workbench.panel.markers
2023-12-18 12:40:38.054 [info] Added views:workbench.panel.output in workbench.panel.output
2023-12-18 12:40:38.054 [info] Added views:terminal in terminal
2023-12-18 12:40:38.054 [info] Added views:outline in workbench.view.explorer
2023-12-18 12:40:38.054 [info] Added views:workbench.scm in workbench.view.scm
2023-12-18 12:40:38.054 [info] Added views:workbench.view.search in workbench.view.search
2023-12-18 12:40:38.054 [info] Added views:timeline in workbench.view.explorer
2023-12-18 12:40:38.054 [info] Added views:workbench.explorer.openEditorsView,workbench.explorer.fileView in workbench.view.explorer
2023-12-18 12:40:38.786 [info] Added views:workbench.debug.welcome in workbench.view.debug
2023-12-18 12:40:39.568 [info] Added views:blackbox-onboarding in workbench.view.extension.blackbox
2023-12-18 12:40:39.570 [info] Added views:workspaceEnvironments,pythonEnvironments in workbench.view.extension.package-explorer
2023-12-18 12:40:39.572 [info] Added views:mongoDBConnectionExplorer,mongoDBPlaygroundsExplorer,mongoDBHelpExplorer in workbench.view.extension.mongoDB
2023-12-18 12:40:39.573 [info] Added views:vscode-edge-devtools-view.targets,vscode-edge-devtools-view.help-links in workbench.view.extension.vscode-edge-devtools-view
2023-12-18 12:40:39.590 [info] Added views:sqltoolsViewConnectionExplorer,sqltoolsViewBookmarksExplorer,sqltoolsViewHistoryExplorer in workbench.view.extension.sqltoolsActivityBarContainer
2023-12-18 12:40:39.591 [info] Added views:sqltoolsViewConsoleMessages in workbench.view.extension.sqltoolsPanelContainer
2023-12-18 12:40:39.592 [info] Added views:tabnine.loading in workbench.view.extension.tabnine
2023-12-18 12:40:40.976 [info] Added views:workbench.panel.repl.view in workbench.panel.repl
2023-12-18 12:40:46.769 [info] Added views:~remote.forwardedPorts in ~remote.forwardedPortsContainer
2023-12-18 12:40:47.960 [info] Added views:terminal.search.view in workbench.view.extension.blackbox-terminal
2023-12-18 12:40:52.998 [info] Added views:workbench.panel.comments in workbench.panel.comments
