2023-12-01 16:40:38.143 [info] Using settings sync service https://vscode-sync.trafficmanager.net/
2023-12-01 16:40:38.143 [info] Auto Sync is disabled.
2023-12-01 16:44:50.767 [info] Sync started.
2023-12-01 16:44:51.213 [info] Did reset the local sync state.
2023-12-01 16:44:51.226 [info] Settings: Migrating last sync user data. Resource does not exist.
2023-12-01 16:44:51.226 [info] Settings: Last sync data state does not exist.
2023-12-01 16:44:51.320 [info] Settings: Migrating last sync user data. Resource does not exist.
2023-12-01 16:44:51.320 [info] Settings: Last sync data state does not exist.
2023-12-01 16:44:51.459 [info] Keybindings: Migrating last sync user data. Resource does not exist.
2023-12-01 16:44:51.460 [info] Keybindings: Last sync data state does not exist.
2023-12-01 16:44:51.485 [info] GlobalState: Migrating last sync user data. Resource does not exist.
2023-12-01 16:44:51.485 [info] GlobalState: Last sync data state does not exist.
2023-12-01 16:44:51.516 [info] Snippets: Migrating last sync user data. Resource does not exist.
2023-12-01 16:44:51.516 [info] Snippets: Last sync data state does not exist.
2023-12-01 16:44:51.606 [info] Tasks: Migrating last sync user data. Resource does not exist.
2023-12-01 16:44:51.606 [info] Tasks: Last sync data state does not exist.
2023-12-01 16:44:51.656 [info] GlobalState: Migrating last sync user data. Resource does not exist.
2023-12-01 16:44:51.657 [info] GlobalState: Last sync data state does not exist.
2023-12-01 16:44:51.812 [info] Extensions: Migrating last sync user data. Resource does not exist.
2023-12-01 16:44:51.812 [info] Extensions: Last sync data state does not exist.
2023-12-01 16:44:52.028 [info] Profiles: Migrating last sync user data. Resource does not exist.
2023-12-01 16:44:52.028 [info] Profiles: Last sync data state does not exist.
2023-12-01 16:44:52.077 [info] Profiles: Migrating last sync user data. Resource does not exist.
2023-12-01 16:44:52.077 [info] Profiles: Last sync data state does not exist.
2023-12-01 16:44:52.117 [info] Settings: Updated local settings
2023-12-01 16:44:52.128 [info] Settings: Updated last synchronized settings
2023-12-01 16:44:52.131 [info] Keybindings: No changes found during synchronizing keybindings.
2023-12-01 16:44:52.143 [info] Keybindings: Updated last synchronized keybindings
2023-12-01 16:44:52.166 [info] Snippets: Created snippet python.json
2023-12-01 16:44:52.175 [info] Snippets: Updated last synchronized snippets
2023-12-01 16:44:52.177 [info] Tasks: No changes found during synchronizing tasks.
2023-12-01 16:44:52.186 [info] Tasks: Updated last synchronized tasks
2023-12-01 16:44:52.202 [info] GlobalState: Updated global state ["ces/skipSurvey","javascript.1.editedCount","javascript.1.editedDate","commandPalette.mru.cache","commandPalette.mru.counter","nps/isCandidate","nps/skipVersion","workbench.welcomePage.walkthroughMetadata","workbench.panel.alignment","workbench.view.extension.vscode-edge-devtools-view.state.hidden","fileBasedRecommendations/promptedRecommendations","workbench.view.extension.jupyter-variables.state.hidden","workbench.view.extension.test.state.hidden","tabs-list-width-vertical","terminal.integrated.showTerminalConfigPrompt","tabs-list-width-horizontal","workbench.view.extension.package-explorer.state.hidden","extensionsAssistant/fileExtensionsSuggestionIgnore","github-UIsystem-code","Comments.hidden","workbench.view.extension.tabnine-access.state.hidden","snippets.usageTimestamps","fileBasedRecommendations/promptedFileExtensions","workbench.view.extension.objectExplorer.state.hidden","workbench.view.extension.dataworkspace.state.hidden","workbench.view.extension.mongoDB.state.hidden","workbench.view.extension.sqltoolsActivityBarContainer.state.hidden","workbench.view.extension.sqltoolsPanelContainer.state.hidden","cpp.1.editedCount","cpp.1.editedDate","memento/workbench.editor.keybindings","memento/notebookGettingStarted2","workbench.view.extension.jupyter.state.hidden","editor.contrib.largeFileOptimizationsWarner","workbench.explorer.views.state.hidden","workbench.scm.views.state.hidden","workbench.activity.pinnedViewlets2","nps/lastSessionDate","nps/sessionCount","workbench.statusbar.hidden","colorThemeData","workbench.panel.pinnedPanels","cpp.1.lastSessionDate","cpp.1.sessionCount","java.2.lastSessionDate","java.2.sessionCount","javascript.1.lastSessionDate","javascript.1.sessionCount","typescript.1.lastSessionDate","typescript.1.sessionCount","workbench.view.extensions.state.hidden","workbench.welcomePage.hiddenCategories","memento/gettingStartedService"]
2023-12-01 16:44:52.202 [info] GlobalState: Updated local ui state
2023-12-01 16:44:52.456 [info] GlobalState: Migrating last sync user data. Resource does not exist.
2023-12-01 16:44:52.456 [info] GlobalState: Last sync data state does not exist.
2023-12-01 16:44:52.726 [info] GlobalState: Migrating last sync user data. Resource does not exist.
2023-12-01 16:44:52.726 [info] GlobalState: Last sync data state does not exist.
2023-12-01 16:44:53.237 [info] GlobalState: Updated remote ui state. Added: csharp.1.lastSessionDate,csharp.1.sessionCount,~remote.forwardedPortsContainer.hidden,themeUpdatedNotificationShown.
2023-12-01 16:44:53.248 [info] GlobalState: Updated last synchronized ui state
2023-12-01 16:59:23.651 [info] Extensions: Installed extension. ms-toolsai.jupyter-keymap 1.1.2
2023-12-01 16:59:23.652 [info] Extensions: Installed extension. ms-vscode.cpptools-extension-pack 1.3.0
2023-12-01 16:59:23.660 [info] Extensions: Installed extension. ms-toolsai.vscode-jupyter-slideshow 0.1.5
2023-12-01 16:59:23.660 [info] Extensions: Installed extension. ms-vscode.cpptools-themes 2.0.0
2023-12-01 16:59:23.660 [info] Extensions: Installed extension. ms-toolsai.vscode-jupyter-cell-tags 0.1.8
2023-12-01 16:59:23.660 [info] Extensions: Installed extension. xdebug.php-pack 1.0.3
2023-12-01 16:59:23.661 [info] Extensions: Installed extension. wholroyd.jinja 0.0.8
2023-12-01 16:59:23.661 [info] Extensions: Installed extension. donjayamanne.python-extension-pack 1.7.0
2023-12-01 16:59:23.661 [info] Extensions: Installed extension. formulahendry.theme-ubuntu-style 0.0.2
2023-12-01 16:59:23.661 [info] Extensions: Installed extension. isudox.vscode-jetbrains-keybindings 0.1.9
2023-12-01 16:59:23.662 [info] Extensions: Installed extension. xabikos.javascriptsnippets 1.8.0
2023-12-01 16:59:23.662 [info] Extensions: Installed extension. codecademy.codecademy-syntax-theme 1.0.0
2023-12-01 16:59:23.673 [info] Extensions: Installed extension. cstrap.flask-snippets 0.1.3
2023-12-01 16:59:23.674 [info] Extensions: Installed extension. danielpinto8zz6.c-cpp-compile-run 1.0.50
2023-12-01 16:59:23.675 [info] Extensions: Installed extension. github.github-vscode-theme 6.3.4
2023-12-01 16:59:23.675 [info] Extensions: Installed extension. njpwerner.autodocstring 0.6.1
2023-12-01 16:59:23.675 [info] Extensions: Installed extension. donjayamanne.githistory 0.6.20
2023-12-01 16:59:23.695 [info] Extensions: Installed extension. kevinrose.vsc-python-indent 1.18.0
2023-12-01 16:59:23.695 [info] Extensions: Installed extension. tushortz.python-extended-snippets 0.0.1
2023-12-01 16:59:23.696 [info] Extensions: Installed extension. mtxr.sqltools-driver-mysql 0.6.0
2023-12-01 16:59:23.696 [info] Extensions: Installed extension. ms-edgedevtools.vscode-edge-devtools 2.1.3
2023-12-01 16:59:23.696 [info] Extensions: Installed extension. mtxr.sqltools 0.28.1
2023-12-01 16:59:23.696 [info] Extensions: Installed extension. janisdd.vscode-edit-csv 0.8.3
2023-12-01 16:59:23.697 [info] Extensions: Installed extension. formulahendry.code-runner 0.12.1
2023-12-01 16:59:23.697 [info] Extensions: Installed extension. ms-python.isort 2023.10.1
2023-12-01 16:59:23.697 [info] Extensions: Installed extension. fnando.linter 0.0.19
2023-12-01 16:59:23.697 [info] Extensions: Installed extension. johnpapa.winteriscoming 1.4.4
2023-12-01 16:59:23.698 [info] Extensions: Installed extension. sdras.night-owl 2.0.1
2023-12-01 16:59:23.698 [info] Extensions: Installed extension. tabnine.tabnine-vscode 3.41.0
2023-12-01 16:59:23.698 [info] Extensions: Installed extension. visualstudioexptteam.intellicode-api-usage-examples 0.2.8
2023-12-01 16:59:23.698 [info] Extensions: Installed extension. xdebug.php-debug 1.34.0
2023-12-01 16:59:23.699 [info] Extensions: Installed extension. liviuschera.noctis 10.43.1
2023-12-01 16:59:23.699 [info] Extensions: Installed extension. rajeshwaran.developer-theme-dark 5.0.0
2023-12-01 16:59:23.708 [info] Extensions: Installed extension. vscode-icons-team.vscode-icons 12.6.0
2023-12-01 16:59:23.708 [info] Extensions: Installed extension. esbenp.prettier-vscode 10.1.0
2023-12-01 16:59:23.708 [info] Extensions: Installed extension. tomoki1207.pdf 1.2.2
2023-12-01 16:59:23.709 [info] Extensions: Installed extension. mongodb.mongodb-vscode 1.3.1
2023-12-01 16:59:23.709 [info] Extensions: Installed extension. ritwickdey.liveserver 5.7.9
2023-12-01 16:59:23.709 [info] Extensions: Installed extension. donjayamanne.python-environment-manager 1.2.4
2023-12-01 16:59:23.710 [info] Extensions: Installed extension. ms-toolsai.jupyter-renderers 1.0.17
2023-12-01 16:59:23.710 [info] Extensions: Installed extension. zobo.php-intellisense 1.3.3
2023-12-01 16:59:23.710 [info] Extensions: Installed extension. ms-toolsai.jupyter 2023.10.1100000000
2023-12-01 16:59:23.710 [info] Extensions: Installed extension. jithurjacob.nbpreviewer 1.2.2
2023-12-01 16:59:23.711 [info] Extensions: Installed extension. yummygum.city-lights-icon-vsc 1.1.3
2023-12-01 16:59:23.711 [info] Extensions: Installed extension. ms-python.python 2023.20.0
2023-12-01 16:59:23.711 [info] Extensions: Installed extension. blackboxapp.blackbox 1.2.29
2023-12-01 16:59:23.711 [info] Extensions: Installed extension. ms-python.vscode-pylance 2023.11.10
2023-12-01 16:59:23.712 [info] Extensions: Installed extension. davidbwaters.macos-modern-theme 2.3.19
2023-12-01 16:59:23.714 [info] Extensions: Installed extension. visualstudioexptteam.vscodeintellicode 1.2.30
2023-12-01 16:59:23.714 [info] Extensions: Installed extension. ms-vscode.cpptools 1.18.5
2023-12-01 16:59:23.717 [info] Extensions: Migrating last sync user data. Resource does not exist.
2023-12-01 16:59:23.717 [info] Extensions: Last sync data state does not exist.
2023-12-01 16:59:24.732 [info] Extensions: Updated remote extensions. Added: ["vscode.tunnel-forwarding","abusaidm.html-snippets"]. Updated: ["ecmel.vscode-html-css"].
2023-12-01 16:59:24.744 [info] Extensions: Updated last synchronized extensions.
2023-12-01 16:59:24.763 [info] Profiles: No changes found during synchronizing profiles.
2023-12-01 16:59:24.778 [info] Profiles: Updated last synchronized profiles.
2023-12-01 16:59:24.786 [info] Sync done. Took 874016ms
