2023-12-02 05:48:56.998 [info] Reading sessions from keychain...
2023-12-02 05:48:56.998 [info] Getting sessions for all scopes...
2023-12-02 05:48:56.998 [info] Getting sessions for user:email...
2023-12-02 05:48:56.998 [info] Got stored sessions!
2023-12-02 05:48:56.998 [info] Got 1 verified sessions.
2023-12-02 05:48:56.998 [info] Got 1 sessions for ...
2023-12-02 05:48:56.998 [info] Got 1 sessions for user:email...
2023-12-02 05:48:56.998 [info] Getting sessions for all scopes...
2023-12-02 05:48:56.998 [info] Got 1 sessions for ...
2023-12-02 05:48:58.447 [info] Getting sessions for read:user,repo,user:email,workflow...
2023-12-02 05:48:58.468 [info] Got 0 sessions for read:user,repo,user:email,workflow...
2023-12-02 05:49:00.494 [info] Getting sessions for all scopes...
2023-12-02 05:49:00.494 [info] Got 1 sessions for ...
2023-12-02 05:53:23.663 [info] Reading sessions from keychain...
2023-12-02 05:53:23.663 [info] Getting sessions for all scopes...
2023-12-02 05:53:23.663 [info] Getting sessions for user:email...
2023-12-02 05:53:23.663 [info] Got stored sessions!
2023-12-02 05:53:23.663 [info] Got 1 verified sessions.
2023-12-02 05:53:23.663 [info] Got 1 sessions for ...
2023-12-02 05:53:23.663 [info] Got 1 sessions for user:email...
2023-12-02 05:53:23.663 [info] Getting sessions for all scopes...
2023-12-02 05:53:23.663 [info] Got 1 sessions for ...
2023-12-02 05:53:23.666 [info] Getting sessions for read:user,repo,user:email,workflow...
2023-12-02 05:53:23.666 [info] Got 0 sessions for read:user,repo,user:email,workflow...
2023-12-02 05:53:25.448 [info] Getting sessions for all scopes...
2023-12-02 05:53:25.448 [info] Got 1 sessions for ...
